2026-06-25 07:25:55.211: [INFO] VisibilityChanged: 0
2026-06-25 07:25:55.230: [INFO] RecordSyncInitDuration has_sync_been_enabled: 0 state: 0
2026-06-25 07:25:55.234: [INFO] RecordSyncInitDuration has_sync_been_enabled: 0 state: 0
2026-06-25 07:25:55.237: [INFO] RecordSyncInitDuration has_sync_been_enabled: 0 state: 0
2026-06-25 07:25:55.240: [INFO] RecordSyncInitDuration has_sync_been_enabled: 0 state: 0
2026-06-25 07:25:55.243: [INFO] RecordSyncInitDuration has_sync_been_enabled: 0 state: 0
2026-06-25 07:25:55.247: [INFO] RecordSyncInitDuration has_sync_been_enabled: 0 state: 0
2026-06-25 07:25:55.250: [INFO] RecordSyncInitDuration has_sync_been_enabled: 0 state: 0
2026-06-25 07:25:55.254: [INFO] RecordSyncInitDuration has_sync_been_enabled: 0 state: 0
2026-06-25 07:25:55.257: [INFO] RecordSyncInitDuration has_sync_been_enabled: 0 state: 0
2026-06-25 07:25:55.260: [INFO] RecordSyncInitDuration has_sync_been_enabled: 0 state: 0
2026-06-25 07:25:55.262: [INFO] RecordSyncInitDuration has_sync_been_enabled: 0 state: 0
2026-06-25 07:25:55.279: [INFO] BookmarkNodeAdded, ABU: 0
2026-06-25 07:25:55.279: [INFO] BookmarkNodeAdded, ABU: 0
2026-06-25 07:25:55.280: [INFO] BookmarkNodeAdded, ABU: 0
2026-06-25 07:25:55.281: [INFO] BookmarkNodeAdded, ABU: 0
2026-06-25 07:25:55.281: [INFO] BookmarkModelLoaded, ids_reassigned: 0
2026-06-25 07:25:55.281: [INFO] OnDoneLoading sync enabled: 0
2026-06-25 07:25:55.387: [INFO] RecordSyncInitDuration has_sync_been_enabled: 0 state: 0
2026-06-25 07:26:06.306: [INFO] RecordSyncInitDuration has_sync_been_enabled: 0 state: 0
2026-06-25 07:26:06.312: [INFO] RecordSyncInitDuration has_sync_been_enabled: 0 state: 3
2026-06-25 07:26:06.314: [INFO] Primary account changed.
2026-06-25 07:26:06.314: [INFO] OnPrimaryAccountChanged PrimaryAccountChangeEvent::Type::kSet
2026-06-25 07:26:06.326: [INFO] RecordSyncInitDuration has_sync_been_enabled: 0 state: 3
