2026-06-25 07:52:42.715: [INFO] VisibilityChanged: 0
2026-06-25 07:52:42.732: [INFO] RecordSyncInitDuration has_sync_been_enabled: 0 state: 0
2026-06-25 07:52:42.734: [INFO] RecordSyncInitDuration has_sync_been_enabled: 0 state: 0
2026-06-25 07:52:42.737: [INFO] RecordSyncInitDuration has_sync_been_enabled: 0 state: 0
2026-06-25 07:52:42.739: [INFO] RecordSyncInitDuration has_sync_been_enabled: 0 state: 0
2026-06-25 07:52:42.741: [INFO] RecordSyncInitDuration has_sync_been_enabled: 0 state: 0
2026-06-25 07:52:42.743: [INFO] RecordSyncInitDuration has_sync_been_enabled: 0 state: 0
2026-06-25 07:52:42.745: [INFO] RecordSyncInitDuration has_sync_been_enabled: 0 state: 0
2026-06-25 07:52:42.748: [INFO] RecordSyncInitDuration has_sync_been_enabled: 0 state: 0
2026-06-25 07:52:42.751: [INFO] RecordSyncInitDuration has_sync_been_enabled: 0 state: 0
2026-06-25 07:52:42.753: [INFO] RecordSyncInitDuration has_sync_been_enabled: 0 state: 0
2026-06-25 07:52:42.755: [INFO] RecordSyncInitDuration has_sync_been_enabled: 0 state: 0
2026-06-25 07:52:42.768: [INFO] BookmarkNodeAdded, ABU: 0
2026-06-25 07:52:42.769: [INFO] BookmarkNodeAdded, ABU: 0
2026-06-25 07:52:42.769: [INFO] BookmarkNodeAdded, ABU: 0
2026-06-25 07:52:42.770: [INFO] BookmarkNodeAdded, ABU: 0
2026-06-25 07:52:42.770: [INFO] BookmarkModelLoaded, ids_reassigned: 0
2026-06-25 07:52:42.770: [INFO] OnDoneLoading sync enabled: 0
2026-06-25 07:52:42.872: [INFO] RecordSyncInitDuration has_sync_been_enabled: 0 state: 0
2026-06-25 07:52:43.514: [INFO] RecordSyncInitDuration has_sync_been_enabled: 0 state: 0
2026-06-25 07:52:43.521: [INFO] RecordSyncInitDuration has_sync_been_enabled: 0 state: 3
2026-06-25 07:52:43.523: [INFO] Primary account changed.
2026-06-25 07:52:43.523: [INFO] OnPrimaryAccountChanged PrimaryAccountChangeEvent::Type::kSet
2026-06-25 07:52:43.536: [INFO] RecordSyncInitDuration has_sync_been_enabled: 0 state: 3
2026-06-25 07:52:43.556: [INFO] RecordSyncInitDuration has_sync_been_enabled: 0 state: 3
2026-06-25 07:52:50.603: [INFO] BookmarkNodeAdded, ABU: 0
2026-06-25 07:52:50.604: [INFO] BookmarkNodeAdded, ABU: 0
2026-06-25 07:52:50.604: [INFO] BookmarkNodeAdded, ABU: 0
2026-06-25 07:52:50.605: [INFO] BookmarkNodeAdded, ABU: 0
2026-06-25 07:52:50.605: [INFO] BookmarkNodeAdded, ABU: 0
2026-06-25 07:52:50.605: [INFO] BookmarkNodeAdded, ABU: 0
2026-06-25 07:52:50.606: [INFO] BookmarkNodeAdded, ABU: 0
2026-06-25 07:52:50.606: [INFO] BookmarkNodeAdded, ABU: 0
2026-06-25 07:52:50.606: [INFO] BookmarkNodeAdded, ABU: 0
2026-06-25 07:52:50.607: [INFO] BookmarkNodeAdded, ABU: 0
2026-06-25 07:52:50.607: [INFO] BookmarkNodeAdded, ABU: 0
2026-06-25 07:52:50.608: [INFO] BookmarkNodeAdded, ABU: 0
2026-06-25 07:52:50.608: [INFO] BookmarkNodeAdded, ABU: 0
2026-06-25 07:52:50.609: [INFO] BookmarkNodeAdded, ABU: 0
2026-06-25 07:52:50.609: [INFO] BookmarkNodeAdded, ABU: 0
2026-06-25 07:52:50.609: [INFO] BookmarkNodeAdded, ABU: 0
2026-06-25 07:52:50.610: [INFO] BookmarkNodeAdded, ABU: 0
2026-06-25 07:52:50.610: [INFO] BookmarkNodeAdded, ABU: 0
2026-06-25 07:52:50.611: [INFO] BookmarkNodeAdded, ABU: 0
2026-06-25 07:52:50.611: [INFO] BookmarkNodeAdded, ABU: 0
2026-06-25 07:52:50.611: [INFO] BookmarkNodeAdded, ABU: 0
2026-06-25 07:52:50.612: [INFO] BookmarkNodeAdded, ABU: 0
2026-06-25 07:52:50.612: [INFO] BookmarkNodeAdded, ABU: 0
2026-06-25 07:52:50.612: [INFO] BookmarkNodeAdded, ABU: 0
2026-06-25 07:52:50.613: [INFO] BookmarkNodeAdded, ABU: 0
2026-06-25 07:52:50.613: [INFO] BookmarkNodeAdded, ABU: 0
2026-06-25 07:52:50.614: [INFO] BookmarkNodeAdded, ABU: 0
2026-06-25 07:52:50.614: [INFO] BookmarkNodeAdded, ABU: 0
2026-06-25 07:52:50.615: [INFO] BookmarkNodeAdded, ABU: 0
2026-06-25 07:52:50.615: [INFO] BookmarkNodeAdded, ABU: 0
2026-06-25 07:52:50.615: [INFO] BookmarkNodeAdded, ABU: 0
2026-06-25 07:52:50.616: [INFO] BookmarkNodeAdded, ABU: 0
2026-06-25 07:52:51.344: [INFO] Sync initialization duration: 7729ms
